<?xml version="1.0" encoding="utf-8"?>
<TestRun id="931dfe46-a83a-41d7-b18d-974b86bfa254" name="@god-of-thunders-MacBook-Air 2024-07-22 09:58:25" xmlns="http://microsoft.com/schemas/VisualStudio/TeamTest/2010">
  <Times creation="2024-07-22T09:58:25.7776910+07:00" queuing="2024-07-22T09:58:25.7776910+07:00" start="2024-07-22T09:58:25.2420250+07:00" finish="2024-07-22T09:58:25.7866490+07:00" />
  <TestSettings name="default" id="1a7e2a40-0fe1-4c8d-99a5-7dd7403bef51">
    <Deployment runDeploymentRoot="_god-of-thunders-MacBook-Air_2024-07-22_09_58_25" />
  </TestSettings>
  <Results>
    <UnitTestResult executionId="53263018-245b-4727-9c63-28f302bf582e" testId="dd189c01-d86d-de8f-4163-b6a56d081b40" testName="TestWeightedStrings" computerName="god-of-thunders-MacBook-Air" duration="00:00:00.0028860" startTime="2024-07-22T09:58:25.7007120+07:00" endTime="2024-07-22T09:58:25.7035970+07:00" testType="13cdc9d9-ddb5-4fa4-a97d-d965ccfc6d4b" outcome="Passed" testListId="8c84fa94-04c1-424b-9868-57a2d4851a1d" relativeResultsDirectory="53263018-245b-4727-9c63-28f302bf582e" />
    <UnitTestResult executionId="bfa75bfc-ade7-4f59-b3de-26d22d9526e1" testId="1db81b52-c038-e316-32fe-e9871e4771b1" testName="TestBalanceBracket" computerName="god-of-thunders-MacBook-Air" duration="00:00:00.0208780" startTime="2024-07-22T09:58:25.6780610+07:00" endTime="2024-07-22T09:58:25.6988980+07:00" testType="13cdc9d9-ddb5-4fa4-a97d-d965ccfc6d4b" outcome="Failed" testListId="8c84fa94-04c1-424b-9868-57a2d4851a1d" relativeResultsDirectory="bfa75bfc-ade7-4f59-b3de-26d22d9526e1">
      <Output>
        <ErrorInfo>
          <Message>Multiple failures or warnings in test:
  1)   Expected string length 3 but was 2. Strings differ at index 0.
  Expected: "YES"
  But was:  "NO"
  -----------^

  2)   Expected string length 3 but was 2. Strings differ at index 0.
  Expected: "YES"
  But was:  "NO"
  -----------^

</Message>
          <StackTrace>   at Test.Tests.TestBalanceBracket() in /Users/god-of-thunder/talent-assesment-smkdev/dotNET/Test/UnitTest.cs:line 15

1)    at Test.Tests.&lt;&gt;c.&lt;TestBalanceBracket&gt;b__1_0() in /Users/god-of-thunder/talent-assesment-smkdev/dotNET/Test/UnitTest.cs:line 18
   at NUnit.Framework.Assert.Multiple(TestDelegate testDelegate)
   at Test.Tests.TestBalanceBracket() in /Users/god-of-thunder/talent-assesment-smkdev/dotNET/Test/UnitTest.cs:line 15

2)    at Test.Tests.&lt;&gt;c.&lt;TestBalanceBracket&gt;b__1_0() in /Users/god-of-thunder/talent-assesment-smkdev/dotNET/Test/UnitTest.cs:line 19
   at NUnit.Framework.Assert.Multiple(TestDelegate testDelegate)
   at Test.Tests.TestBalanceBracket() in /Users/god-of-thunder/talent-assesment-smkdev/dotNET/Test/UnitTest.cs:line 15

</StackTrace>
        </ErrorInfo>
      </Output>
    </UnitTestResult>
    <UnitTestResult executionId="5c9218c7-9405-47ff-a384-493b57741f1c" testId="2173cffa-c894-4219-0025-c505ba36fac2" testName="TestHighestPalindrome" computerName="god-of-thunders-MacBook-Air" duration="00:00:00.0008200" startTime="2024-07-22T09:58:25.6998830+07:00" endTime="2024-07-22T09:58:25.7007020+07:00" testType="13cdc9d9-ddb5-4fa4-a97d-d965ccfc6d4b" outcome="Failed" testListId="8c84fa94-04c1-424b-9868-57a2d4851a1d" relativeResultsDirectory="5c9218c7-9405-47ff-a384-493b57741f1c">
      <Output>
        <ErrorInfo>
          <Message>Multiple failures or warnings in test:
  1)   String lengths are both 6. Strings differ at index 0.
  Expected: "992299"
  But was:  "292292"
  -----------^

  2)   String lengths are both 5. Strings differ at index 1.
  Expected: "99399"
  But was:  "93939"
  ------------^

</Message>
          <StackTrace>   at Test.Tests.TestHighestPalindrome() in /Users/god-of-thunder/talent-assesment-smkdev/dotNET/Test/UnitTest.cs:line 27

1)    at Test.Tests.&lt;&gt;c.&lt;TestHighestPalindrome&gt;b__2_0() in /Users/god-of-thunder/talent-assesment-smkdev/dotNET/Test/UnitTest.cs:line 31
   at NUnit.Framework.Assert.Multiple(TestDelegate testDelegate)
   at Test.Tests.TestHighestPalindrome() in /Users/god-of-thunder/talent-assesment-smkdev/dotNET/Test/UnitTest.cs:line 27

2)    at Test.Tests.&lt;&gt;c.&lt;TestHighestPalindrome&gt;b__2_0() in /Users/god-of-thunder/talent-assesment-smkdev/dotNET/Test/UnitTest.cs:line 33
   at NUnit.Framework.Assert.Multiple(TestDelegate testDelegate)
   at Test.Tests.TestHighestPalindrome() in /Users/god-of-thunder/talent-assesment-smkdev/dotNET/Test/UnitTest.cs:line 27

</StackTrace>
        </ErrorInfo>
      </Output>
    </UnitTestResult>
  </Results>
  <TestDefinitions>
    <UnitTest name="TestHighestPalindrome" storage="/users/god-of-thunder/talent-assesment-smkdev/dotnet/test/bin/debug/net8.0/test.dll" id="2173cffa-c894-4219-0025-c505ba36fac2">
      <Execution id="5c9218c7-9405-47ff-a384-493b57741f1c" />
      <TestMethod codeBase="/Users/god-of-thunder/talent-assesment-smkdev/dotNET/Test/bin/Debug/net8.0/Test.dll" adapterTypeName="executor://nunit3testexecutor/" className="Test.Tests" name="TestHighestPalindrome" />
    </UnitTest>
    <UnitTest name="TestBalanceBracket" storage="/users/god-of-thunder/talent-assesment-smkdev/dotnet/test/bin/debug/net8.0/test.dll" id="1db81b52-c038-e316-32fe-e9871e4771b1">
      <Execution id="bfa75bfc-ade7-4f59-b3de-26d22d9526e1" />
      <TestMethod codeBase="/Users/god-of-thunder/talent-assesment-smkdev/dotNET/Test/bin/Debug/net8.0/Test.dll" adapterTypeName="executor://nunit3testexecutor/" className="Test.Tests" name="TestBalanceBracket" />
    </UnitTest>
    <UnitTest name="TestWeightedStrings" storage="/users/god-of-thunder/talent-assesment-smkdev/dotnet/test/bin/debug/net8.0/test.dll" id="dd189c01-d86d-de8f-4163-b6a56d081b40">
      <Execution id="53263018-245b-4727-9c63-28f302bf582e" />
      <TestMethod codeBase="/Users/god-of-thunder/talent-assesment-smkdev/dotNET/Test/bin/Debug/net8.0/Test.dll" adapterTypeName="executor://nunit3testexecutor/" className="Test.Tests" name="TestWeightedStrings" />
    </UnitTest>
  </TestDefinitions>
  <TestEntries>
    <TestEntry testId="dd189c01-d86d-de8f-4163-b6a56d081b40" executionId="53263018-245b-4727-9c63-28f302bf582e" testListId="8c84fa94-04c1-424b-9868-57a2d4851a1d" />
    <TestEntry testId="1db81b52-c038-e316-32fe-e9871e4771b1" executionId="bfa75bfc-ade7-4f59-b3de-26d22d9526e1" testListId="8c84fa94-04c1-424b-9868-57a2d4851a1d" />
    <TestEntry testId="2173cffa-c894-4219-0025-c505ba36fac2" executionId="5c9218c7-9405-47ff-a384-493b57741f1c" testListId="8c84fa94-04c1-424b-9868-57a2d4851a1d" />
  </TestEntries>
  <TestLists>
    <TestList name="Results Not in a List" id="8c84fa94-04c1-424b-9868-57a2d4851a1d" />
    <TestList name="All Loaded Results" id="19431567-8539-422a-85d7-44ee4e166bda" />
  </TestLists>
  <ResultSummary outcome="Failed">
    <Counters total="3" executed="3" passed="1" failed="2" error="0" timeout="0" aborted="0" inconclusive="0" passedButRunAborted="0" notRunnable="0" notExecuted="0" disconnected="0" warning="0" completed="0" inProgress="0" pending="0" />
    <Output>
      <StdOut>NUnit Adapter 4.5.0.0: Test execution started
Running all tests in /Users/god-of-thunder/talent-assesment-smkdev/dotNET/Test/bin/Debug/net8.0/Test.dll
   NUnit3TestExecutor discovered 3 of 3 NUnit test cases using Current Discovery mode, Non-Explicit run
NUnit Adapter 4.5.0.0: Test execution complete
</StdOut>
    </Output>
  </ResultSummary>
</TestRun>